\BOOKMARK [0][-]{dummy.1}{\376\377\000C\000E\000R\000T\000I\000F\000I\000C\000A\000T\000E}{}% 1
\BOOKMARK [0][-]{dummy.2}{\376\377\000A\000b\000s\000t\000r\000a\000c\000t}{}% 2
\BOOKMARK [0][-]{dummy.3}{\376\377\000A\000c\000k\000n\000o\000w\000l\000e\000d\000g\000e\000m\000e\000n\000t\000s}{}% 3
\BOOKMARK [0][-]{chapter.5}{\376\377\0001\000\040\000I\000n\000t\000r\000o\000d\000u\000c\000t\000i\000o\000n}{}% 4
\BOOKMARK [1][-]{section.6}{\376\377\0001\000.\0001\000\040\000I\000s\000s\000u\000e\000s\000\040\000w\000i\000t\000h\000\040\000C\000l\000u\000s\000t\000e\000r\000i\000n\000g\000\040\000T\000e\000c\000h\000n\000i\000q\000u\000e\000s}{chapter.5}% 5
\BOOKMARK [1][-]{section.7}{\376\377\0001\000.\0002\000\040\000A\000v\000a\000i\000l\000a\000b\000l\000e\000\040\000A\000l\000g\000o\000r\000i\000t\000h\000m\000s}{chapter.5}% 6
\BOOKMARK [1][-]{section.8}{\376\377\0001\000.\0003\000\040\000O\000u\000r\000\040\000A\000p\000p\000r\000o\000a\000c\000h}{chapter.5}% 7
\BOOKMARK [0][-]{chapter.9}{\376\377\0002\000\040\000A\000n\000a\000l\000y\000s\000i\000s\000\040\000O\000f\000\040\000E\000x\000i\000s\000t\000i\000n\000g\000\040\000A\000l\000g\000o\000r\000i\000t\000h\000m\000s}{}% 8
\BOOKMARK [1][-]{section.10}{\376\377\0002\000.\0001\000\040\000C\000L\000I\000Q\000U\000E\000,\000\040\000P\000R\000O\000C\000L\000U\000S\000\040\000a\000n\000d\000\040\000O\000R\000C\000L\000U\000S}{chapter.9}% 9
\BOOKMARK [1][-]{section.11}{\376\377\0002\000.\0002\000\040\000D\000O\000C}{chapter.9}% 10
\BOOKMARK [1][-]{section.12}{\376\377\0002\000.\0003\000\040\000F\000r\000e\000q\000u\000e\000n\000t\000\040\000P\000a\000t\000t\000e\000r\000n\000-\000b\000a\000s\000e\000d\000\040\000A\000l\000g\000o\000r\000i\000t\000h\000m\000/\000M\000i\000n\000e\000C\000l\000u\000s}{chapter.9}% 11
\BOOKMARK [0][-]{chapter.13}{\376\377\0003\000\040\000M\000i\000n\000e\000C\000l\000u\000s\000\040\000a\000n\000d\000\040\000D\000i\000v\000e\000r\000s\000i\000t\000y\000/\000D\000i\000v\000e\000r\000s\000e\000R\000a\000n\000k}{}% 12
\BOOKMARK [1][-]{section.14}{\376\377\0003\000.\0001\000\040\000M\000i\000n\000C\000l\000u\000s}{chapter.13}% 13
\BOOKMARK [1][-]{section.16}{\376\377\0003\000.\0002\000\040\000D\000i\000v\000e\000r\000s\000i\000t\000y\000/\000D\000i\000v\000e\000r\000s\000e\000R\000a\000n\000k}{chapter.13}% 14
\BOOKMARK [2][-]{subsection.17}{\376\377\0003\000.\0002\000.\0001\000\040\000A\000b\000o\000u\000t\000\040\000C\000o\000n\000c\000e\000p\000t\000\040\000H\000i\000e\000r\000a\000r\000c\000h\000i\000e\000s}{section.16}% 15
\BOOKMARK [2][-]{subsection.18}{\376\377\0003\000.\0002\000.\0002\000\040\000D\000i\000v\000e\000r\000s\000i\000t\000y}{section.16}% 16
\BOOKMARK [3][-]{subsubsection.19}{\376\377\0003\000.\0002\000.\0002\000.\0001\000\040\0001}{subsection.18}% 17
\BOOKMARK [3][-]{subsubsection.24}{\376\377\0003\000.\0002\000.\0002\000.\0002\000\040\0002}{subsection.18}% 18
\BOOKMARK [0][-]{chapter.26}{\376\377\0004\000\040\000E\000x\000p\000e\000r\000i\000m\000e\000n\000t\000s}{}% 19
\BOOKMARK [1][-]{section.27}{\376\377\0004\000.\0001\000\040\000W\000o\000r\000k\000\040\000D\000o\000n\000e}{chapter.26}% 20
\BOOKMARK [1][-]{section.28}{\376\377\0004\000.\0002\000\040\000E\000v\000a\000l\000u\000a\000t\000i\000o\000n\000\040\000M\000e\000t\000r\000i\000c}{chapter.26}% 21
\BOOKMARK [1][-]{section.29}{\376\377\0004\000.\0003\000\040\000R\000e\000s\000u\000l\000t\000s\000\040\000w\000i\000t\000h\000\040\000D\000i\000v\000e\000r\000s\000i\000t\000y\0001\000\050\000o\000r\000i\000g\000i\000n\000a\000l\000\040\000a\000p\000p\000r\000o\000a\000c\000h\000\051}{chapter.26}% 22
\BOOKMARK [2][-]{subsection.30}{\376\377\0004\000.\0003\000.\0001\000\040\000W\000i\000t\000h\000o\000u\000t\000\040\000m\000e\000r\000g\000i\000n\000g}{section.29}% 23
\BOOKMARK [2][-]{subsection.34}{\376\377\0004\000.\0003\000.\0002\000\040\000W\000i\000t\000h\000\040\000m\000e\000r\000g\000i\000n\000g}{section.29}% 24
\BOOKMARK [1][-]{section.38}{\376\377\0004\000.\0004\000\040\000R\000e\000s\000u\000l\000t\000s\000\040\000w\000i\000t\000h\000\040\000D\000i\000v\000e\000r\000s\000i\000t\000y\0002\000\050\000i\000m\000p\000r\000o\000v\000e\000d\000\040\000a\000p\000p\000r\000o\000a\000c\000h\000\051}{chapter.26}% 25
\BOOKMARK [2][-]{subsection.39}{\376\377\0004\000.\0004\000.\0001\000\040\000W\000i\000t\000h\000o\000u\000t\000\040\000m\000e\000r\000g\000i\000n\000g}{section.38}% 26
\BOOKMARK [2][-]{subsection.43}{\376\377\0004\000.\0004\000.\0002\000\040\000W\000i\000t\000h\000\040\000m\000e\000r\000g\000i\000n\000g}{section.38}% 27
\BOOKMARK [0][-]{appendix.47}{\376\377\000A\000\040\000A\000p\000p\000e\000n\000d\000i\000x\000\040\000T\000i\000t\000l\000e\000\040\000H\000e\000r\000e}{}% 28
\BOOKMARK [0][-]{dummy.48}{\376\377\000B\000i\000b\000l\000i\000o\000g\000r\000a\000p\000h\000y}{}% 29
